<?xml version="1.0" encoding="UTF-8"?>
<robot generator="Robot 7.4.1 (Python 3.13.5 on win32)" generated="2026-01-29T17:02:50.293469" rpa="false" schemaversion="5">
<suite id="s1" name="Autolearning" source="D:\code\autolearning">
<suite id="s1-s1" name="Ei-At" source="D:\code\autolearning\ei-at">
<suite id="s1-s1-s1" name="Demo" source="D:\code\autolearning\ei-at\demo.robot">
<test id="s1-s1-s1-t1" name="TC1" line="8">
<kw name="Log To Console" owner="BuiltIn">
<arg>${ENV}</arg>
<doc>Logs the given message to the console.</doc>
<status status="PASS" start="2026-01-29T17:02:50.321003" elapsed="0.000484"/>
</kw>
<kw name="Log" owner="BuiltIn">
<msg time="2026-01-29T17:02:50.322073" level="INFO">hello</msg>
<arg>message=hello</arg>
<doc>Logs the given message with the given level.</doc>
<status status="PASS" start="2026-01-29T17:02:50.321879" elapsed="0.000229"/>
</kw>
<doc>This is a test case.</doc>
<status status="PASS" start="2026-01-29T17:02:50.320459" elapsed="0.001897"/>
</test>
<doc>This is a demo test case.</doc>
<status status="PASS" start="2026-01-29T17:02:50.317649" elapsed="0.005476"/>
</suite>
<status status="PASS" start="2026-01-29T17:02:50.315932" elapsed="0.008137"/>
</suite>
<suite id="s1-s2" name="RF" source="D:\code\autolearning\RF">
<suite id="s1-s2-s1" name="Newfile" source="D:\code\autolearning\RF\newfile.robot">
<test id="s1-s2-s1-t1" name="Test RF" line="2">
<variable name="${var1}">
<msg time="2026-01-29T17:02:50.327923" level="INFO">${var1} = value1</msg>
<var>value1</var>
<status status="PASS" start="2026-01-29T17:02:50.327862" elapsed="0.000084"/>
</variable>
<kw name="Log" owner="BuiltIn">
<msg time="2026-01-29T17:02:50.328315" level="INFO">value1</msg>
<arg>${var1}</arg>
<doc>Logs the given message with the given level.</doc>
<status status="PASS" start="2026-01-29T17:02:50.328135" elapsed="0.000210"/>
</kw>
<status status="PASS" start="2026-01-29T17:02:50.327582" elapsed="0.000935"/>
</test>
<test id="s1-s2-s1-t2" name="TC1" line="7">
<kw name="Keyword1">
<kw name="Log Many" owner="BuiltIn">
<msg time="2026-01-29T17:02:50.330388" level="INFO">1</msg>
<msg time="2026-01-29T17:02:50.330425" level="INFO">2</msg>
<arg>${arg1}</arg>
<arg>${arg2}</arg>
<doc>Logs the given messages as separate entries using the INFO level.</doc>
<status status="PASS" start="2026-01-29T17:02:50.330210" elapsed="0.000238"/>
</kw>
<arg>1</arg>
<arg>2</arg>
<status status="PASS" start="2026-01-29T17:02:50.329998" elapsed="0.000492"/>
</kw>
<kw name="Keyword1">
<kw name="Log Many" owner="BuiltIn">
<msg time="2026-01-29T17:02:50.330946" level="INFO">3</msg>
<msg time="2026-01-29T17:02:50.330975" level="INFO">4</msg>
<arg>${arg1}</arg>
<arg>${arg2}</arg>
<doc>Logs the given messages as separate entries using the INFO level.</doc>
<status status="PASS" start="2026-01-29T17:02:50.330804" elapsed="0.000190"/>
</kw>
<arg>3</arg>
<arg>4</arg>
<status status="PASS" start="2026-01-29T17:02:50.330645" elapsed="0.000383"/>
</kw>
<status status="PASS" start="2026-01-29T17:02:50.329444" elapsed="0.001824"/>
</test>
<test id="s1-s2-s1-t3" name="TC2" line="12">
<kw name="Log" owner="BuiltIn">
<msg time="2026-01-29T17:02:50.332395" level="INFO">saastest</msg>
<arg>${ENV}</arg>
<doc>Logs the given message with the given level.</doc>
<status status="PASS" start="2026-01-29T17:02:50.332200" elapsed="0.000229"/>
</kw>
<status status="PASS" start="2026-01-29T17:02:50.331883" elapsed="0.000713"/>
</test>
<status status="PASS" start="2026-01-29T17:02:50.326118" elapsed="0.007067"/>
</suite>
<status status="PASS" start="2026-01-29T17:02:50.324834" elapsed="0.009272"/>
</suite>
<status status="PASS" start="2026-01-29T17:02:50.295290" elapsed="0.039428"/>
</suite>
<statistics>
<total>
<stat pass="4" fail="0" skip="0">All Tests</stat>
</total>
<tag>
</tag>
<suite>
<stat name="Autolearning" id="s1" pass="4" fail="0" skip="0">Autolearning</stat>
<stat name="Ei-At" id="s1-s1" pass="1" fail="0" skip="0">Autolearning.Ei-At</stat>
<stat name="Demo" id="s1-s1-s1" pass="1" fail="0" skip="0">Autolearning.Ei-At.Demo</stat>
<stat name="RF" id="s1-s2" pass="3" fail="0" skip="0">Autolearning.RF</stat>
<stat name="Newfile" id="s1-s2-s1" pass="3" fail="0" skip="0">Autolearning.RF.Newfile</stat>
</suite>
</statistics>
<errors>
</errors>
</robot>
